0 verbose cli /usr/local/nvm/versions/node/v16.1.0/bin/node /usr/local/nvm/versions/node/v16.1.0/bin/npm
1 info using npm@8.15.0
2 info using node@v16.1.0
3 timing npm:load:whichnode Completed in 0ms
4 timing config:load:defaults Completed in 2ms
5 timing config:load:file:/usr/local/nvm/versions/node/v16.1.0/lib/node_modules/npm/npmrc Completed in 1ms
6 timing config:load:builtin Completed in 1ms
7 timing config:load:cli Completed in 1ms
8 timing config:load:env Completed in 1ms
9 timing config:load:file:/home/user408/events-app/external/.npmrc Completed in 0ms
10 timing config:load:project Completed in 2ms
11 timing config:load:file:/home/user408/.npmrc Completed in 0ms
12 timing config:load:user Completed in 0ms
13 timing config:load:file:/usr/local/nvm/versions/node/v16.1.0/etc/npmrc Completed in 0ms
14 timing config:load:global Completed in 1ms
15 timing config:load:validate Completed in 0ms
16 timing config:load:credentials Completed in 0ms
17 timing config:load:setEnvs Completed in 0ms
18 timing config:load Completed in 9ms
19 timing npm:load:configload Completed in 9ms
20 timing npm:load:mkdirpcache Completed in 1ms
21 timing npm:load:mkdirplogs Completed in 1ms
22 verbose title npm install
23 verbose argv "install"
24 timing npm:load:setTitle Completed in 2ms
25 timing config:load:flatten Completed in 3ms
26 timing npm:load:display Completed in 4ms
27 verbose logfile logs-max:10 dir:/home/user408/.npm/_logs
28 verbose logfile /home/user408/.npm/_logs/2022-08-04T14_11_01_524Z-debug-0.log
29 timing npm:load:logFile Completed in 5ms
30 timing npm:load:timers Completed in 0ms
31 timing npm:load:configScope Completed in 0ms
32 timing npm:load Completed in 24ms
33 timing arborist:ctor Completed in 1ms
34 silly logfile done cleaning log files
35 timing idealTree:init Completed in 406ms
36 timing idealTree:userRequests Completed in 0ms
37 silly idealTree buildDeps
38 timing idealTree:#root Completed in 1ms
39 timing idealTree:buildDeps Completed in 1ms
40 timing idealTree:fixDepFlags Completed in 0ms
41 timing idealTree Completed in 414ms
42 timing arborist:ctor Completed in 0ms
43 timing reify:loadTrees Completed in 619ms
44 timing reify:diffTrees Completed in 10ms
45 silly reify moves {}
46 timing reify:retireShallow Completed in 1ms
47 timing reify:createSparse Completed in 4ms
48 timing reify:loadBundles Completed in 0ms
49 silly audit bulk request {
49 silly audit   '@ampproject/remapping': [ '2.1.2' ],
49 silly audit   '@babel/code-frame': [ '7.16.7' ],
49 silly audit   '@babel/compat-data': [ '7.17.0' ],
49 silly audit   '@babel/core': [ '7.17.5' ],
49 silly audit   debug: [ '4.3.3', '2.6.9', '3.2.6', '4.1.1' ],
49 silly audit   ms: [ '2.1.2', '2.0.0', '2.1.3', '2.1.1' ],
49 silly audit   semver: [ '6.3.0', '5.7.1' ],
49 silly audit   '@babel/generator': [ '7.17.3' ],
49 silly audit   'source-map': [ '0.5.7', '0.6.1' ],
49 silly audit   '@babel/helper-compilation-targets': [ '7.16.7' ],
49 silly audit   '@babel/helper-environment-visitor': [ '7.16.7' ],
49 silly audit   '@babel/helper-function-name': [ '7.16.7' ],
49 silly audit   '@babel/helper-get-function-arity': [ '7.16.7' ],
49 silly audit   '@babel/helper-hoist-variables': [ '7.16.7' ],
49 silly audit   '@babel/helper-module-imports': [ '7.16.7' ],
49 silly audit   '@babel/helper-module-transforms': [ '7.17.6' ],
49 silly audit   '@babel/helper-simple-access': [ '7.16.7' ],
49 silly audit   '@babel/helper-split-export-declaration': [ '7.16.7' ],
49 silly audit   '@babel/helper-validator-identifier': [ '7.16.7' ],
49 silly audit   '@babel/helper-validator-option': [ '7.16.7' ],
49 silly audit   '@babel/helpers': [ '7.17.2' ],
49 silly audit   '@babel/highlight': [ '7.16.10' ],
49 silly audit   'ansi-styles': [ '3.2.1', '4.3.0' ],
49 silly audit   chalk: [ '2.4.2', '4.1.2' ],
49 silly audit   'color-convert': [ '1.9.3', '2.0.1' ],
49 silly audit   'color-name': [ '1.1.3', '1.1.4' ],
49 silly audit   'escape-string-regexp': [ '1.0.5', '4.0.0' ],
49 silly audit   'has-flag': [ '3.0.0', '4.0.0' ],
49 silly audit   'supports-color': [ '5.5.0', '7.2.0', '8.1.1' ],
49 silly audit   '@babel/parser': [ '7.17.3' ],
49 silly audit   '@babel/template': [ '7.16.7' ],
49 silly audit   '@babel/traverse': [ '7.17.3' ],
49 silly audit   '@babel/types': [ '7.17.0' ],
49 silly audit   '@istanbuljs/load-nyc-config': [ '1.1.0' ],
49 silly audit   argparse: [ '1.0.10', '2.0.1' ],
49 silly audit   'find-up': [ '4.1.0', '5.0.0' ],
49 silly audit   'js-yaml': [ '3.14.1', '4.1.0' ],
49 silly audit   'locate-path': [ '5.0.0', '6.0.0' ],
49 silly audit   'p-limit': [ '2.3.0', '3.1.0' ],
49 silly audit   'p-locate': [ '4.1.0', '5.0.0' ],
49 silly audit   '@istanbuljs/schema': [ '0.1.3' ],
49 silly audit   '@jridgewell/resolve-uri': [ '3.0.5' ],
49 silly audit   '@jridgewell/sourcemap-codec': [ '1.4.11' ],
49 silly audit   '@jridgewell/trace-mapping': [ '0.3.4' ],
49 silly audit   '@ungap/promise-all-settled': [ '1.1.2' ],
49 silly audit   accepts: [ '1.3.7' ],
49 silly audit   'aggregate-error': [ '3.1.0' ],
49 silly audit   ajv: [ '6.12.6' ],
49 silly audit   'ansi-colors': [ '4.1.1' ],
49 silly audit   'ansi-regex': [ '5.0.1' ],
49 silly audit   anymatch: [ '3.1.2' ],
49 silly audit   'append-transform': [ '2.0.0' ],
49 silly audit   archy: [ '1.0.0' ],
49 silly audit   'array-flatten': [ '1.1.1' ],
49 silly audit   asn1: [ '0.2.4' ],
49 silly audit   'assert-plus': [ '1.0.0' ],
49 silly audit   'assertion-error': [ '1.1.0' ],
49 silly audit   asynckit: [ '0.4.0' ],
49 silly audit   'aws-sign2': [ '0.7.0' ],
49 silly audit   aws4: [ '1.9.1' ],
49 silly audit   'balanced-match': [ '1.0.0' ],
49 silly audit   'bcrypt-pbkdf': [ '1.0.2' ],
49 silly audit   'binary-extensions': [ '2.2.0' ],
49 silly audit   'body-parser': [ '1.19.0' ],
49 silly audit   qs: [ '6.7.0', '6.8.0', '6.5.2' ],
49 silly audit   'brace-expansion': [ '1.1.11' ],
49 silly audit   braces: [ '3.0.2' ],
49 silly audit   'browser-stdout': [ '1.3.1' ],
49 silly audit   browserslist: [ '4.19.3' ],
49 silly audit   bytes: [ '3.1.0' ],
49 silly audit   'caching-transform': [ '4.0.0' ],
49 silly audit   camelcase: [ '5.3.1', '6.3.0' ],
49 silly audit   'caniuse-lite': [ '1.0.30001312' ],
49 silly audit   caseless: [ '0.12.0' ],
49 silly audit   chai: [ '4.2.0' ],
49 silly audit   'check-error': [ '1.0.2' ],
49 silly audit   chokidar: [ '3.5.3' ],
49 silly audit   'clean-stack': [ '2.2.0' ],
49 silly audit   cliui: [ '7.0.4', '6.0.0' ],
49 silly audit   'combined-stream': [ '1.0.8' ],
49 silly audit   commander: [ '2.20.3' ],
49 silly audit   commondir: [ '1.0.1' ],
49 silly audit   'component-emitter': [ '1.3.0' ],
49 silly audit   'concat-map': [ '0.0.1' ],
49 silly audit   'content-disposition': [ '0.5.3' ],
49 silly audit   'content-type': [ '1.0.4' ],
49 silly audit   'convert-source-map': [ '1.8.0' ],
49 silly audit   cookie: [ '0.4.0' ],
49 silly audit   'cookie-signature': [ '1.0.6' ],
49 silly audit   cookiejar: [ '2.1.2' ],
49 silly audit   'core-util-is': [ '1.0.2' ],
49 silly audit   'cross-spawn': [ '7.0.3' ],
49 silly audit   dashdash: [ '1.14.1' ],
49 silly audit   decamelize: [ '1.2.0', '4.0.0' ],
49 silly audit   'deep-eql': [ '3.0.1' ],
49 silly audit   'deep-equal': [ '1.1.0' ],
49 silly audit   'default-require-extensions': [ '3.0.0' ],
49 silly audit   'define-properties': [ '1.1.3' ],
49 silly audit   'delayed-stream': [ '1.0.0' ],
49 silly audit   depd: [ '1.1.2' ],
49 silly audit   destroy: [ '1.0.4' ],
49 silly audit   diff: [ '5.0.0' ],
49 silly audit   'ecc-jsbn': [ '0.1.2' ],
49 silly audit   'ee-first': [ '1.1.1' ],
49 silly audit   'electron-to-chromium': [ '1.4.75' ],
49 silly audit   'emoji-regex': [ '8.0.0' ],
49 silly audit   encodeurl: [ '1.0.2' ],
49 silly audit   'es6-error': [ '4.1.1' ],
49 silly audit   escalade: [ '3.1.1' ],
49 silly audit   'escape-html': [ '1.0.3' ],
49 silly audit   esprima: [ '4.0.1' ],
49 silly audit   etag: [ '1.8.1' ],
49 silly audit   express: [ '4.17.1' ],
49 silly audit   'express-handlebars': [ '6.0.2' ],
49 silly audit   extend: [ '3.0.2' ],
49 silly audit   extsprintf: [ '1.3.0' ],
49 silly audit   'fast-deep-equal': [ '3.1.1' ],
49 silly audit   'fast-json-stable-stringify': [ '2.1.0' ],
49 silly audit   'fill-range': [ '7.0.1' ],
49 silly audit   finalhandler: [ '1.1.2' ],
49 silly audit   'find-cache-dir': [ '3.3.2' ],
49 silly audit   flat: [ '5.0.2' ],
49 silly audit   'foreground-child': [ '2.0.0' ],
49 silly audit   'forever-agent': [ '0.6.1' ],
49 silly audit   'form-data': [ '2.5.0', '2.3.3' ],
49 silly audit   formidable: [ '1.2.1' ],
49 silly audit   forwarded: [ '0.1.2' ],
49 silly audit   fresh: [ '0.5.2' ],
49 silly audit   fromentries: [ '1.3.2' ],
49 silly audit   'fs.realpath': [ '1.0.0' ],
49 silly audit   fsevents: [ '2.3.2' ],
49 silly audit   'function-bind': [ '1.1.1' ],
49 silly audit   gensync: [ '1.0.0-beta.2' ],
49 silly audit   'get-caller-file': [ '2.0.5' ],
49 silly audit   'get-func-name': [ '2.0.0' ],
49 silly audit   'get-package-type': [ '0.1.0' ],
49 silly audit   getpass: [ '0.1.7' ],
49 silly audit   glob: [ '7.2.0' ],
49 silly audit   'glob-parent': [ '5.1.2' ],
49 silly audit   globals: [ '11.12.0' ],
49 silly audit   'graceful-fs': [ '4.2.9' ],
49 silly audit   growl: [ '1.10.5' ],
49 silly audit   handlebars: [ '4.7.7' ],
49 silly audit   'har-schema': [ '2.0.0' ],
49 silly audit   'har-validator': [ '5.1.3' ],
49 silly audit   has: [ '1.0.3' ],
49 silly audit   hasha: [ '5.2.2' ],
49 silly audit   he: [ '1.2.0' ],
49 silly audit   'html-escaper': [ '2.0.2' ],
49 silly audit   'http-errors': [ '1.7.2' ],
49 silly audit   inherits: [ '2.0.3', '2.0.4' ],
49 silly audit   'http-signature': [ '1.2.0' ],
49 silly audit   'iconv-lite': [ '0.4.24' ],
49 silly audit   imurmurhash: [ '0.1.4' ],
49 silly audit   'indent-string': [ '4.0.0' ],
49 silly audit   inflight: [ '1.0.6' ],
49 silly audit   'ipaddr.js': [ '1.9.0' ],
49 silly audit   'is-arguments': [ '1.0.4' ],
49 silly audit   'is-binary-path': [ '2.1.0' ],
49 silly audit   'is-date-object': [ '1.0.1' ],
49 silly audit   'is-extglob': [ '2.1.1' ],
49 silly audit   'is-fullwidth-code-point': [ '3.0.0' ],
49 silly audit   'is-glob': [ '4.0.3' ],
49 silly audit   'is-number': [ '7.0.0' ],
49 silly audit   'is-plain-obj': [ '2.1.0' ],
49 silly audit   'is-regex': [ '1.0.4' ],
49 silly audit   'is-stream': [ '2.0.1' ],
49 silly audit   'is-typedarray': [ '1.0.0' ],
49 silly audit   'is-unicode-supported': [ '0.1.0' ],
49 silly audit   'is-windows': [ '1.0.2' ],
49 silly audit   isarray: [ '1.0.0' ],
49 silly audit   isexe: [ '2.0.0' ],
49 silly audit   isstream: [ '0.1.2' ],
49 silly audit   'istanbul-lib-coverage': [ '3.2.0' ],
49 silly audit   'istanbul-lib-hook': [ '3.0.0' ],
49 silly audit   'istanbul-lib-instrument': [ '4.0.3' ],
49 silly audit   'istanbul-lib-processinfo': [ '2.0.2' ],
49 silly audit   'istanbul-lib-report': [ '3.0.0' ],
49 silly audit   'istanbul-lib-source-maps': [ '4.0.1' ],
49 silly audit   'istanbul-reports': [ '3.1.4' ],
49 silly audit   'js-tokens': [ '4.0.0' ],
49 silly audit   jsbn: [ '0.1.1' ],
49 silly audit   jsesc: [ '2.5.2' ],
49 silly audit   'json-schema': [ '0.4.0' ],
49 silly audit   'json-schema-traverse': [ '0.4.1' ],
49 silly audit   'json-stringify-safe': [ '5.0.1' ],
49 silly audit   json5: [ '2.2.0' ],
49 silly audit   jsprim: [ '1.4.2' ],
49 silly audit   lodash: [ '4.17.21' ],
49 silly audit   'lodash.flattendeep': [ '4.4.0' ],
49 silly audit   'log-symbols': [ '4.1.0' ],
49 silly audit   'make-dir': [ '3.1.0' ],
49 silly audit   'media-typer': [ '0.3.0' ],
49 silly audit   'merge-descriptors': [ '1.0.1' ],
49 silly audit   methods: [ '1.1.2' ],
49 silly audit   mime: [ '1.6.0' ],
49 silly audit   'mime-db': [ '1.40.0' ],
49 silly audit   'mime-types': [ '2.1.24' ],
49 silly audit   minimatch: [ '3.0.4' ],
49 silly audit   minimist: [ '1.2.6' ],
49 silly audit   mkdirp: [ '0.5.5' ],
49 silly audit   mocha: [ '9.2.1' ],
49 silly audit   nanoid: [ '3.2.0' ],
49 silly audit   negotiator: [ '0.6.2' ],
49 silly audit   'neo-async': [ '2.6.1' ],
49 silly audit   nock: [ '10.0.6' ],
49 silly audit   'node-preload': [ '0.2.1' ],
49 silly audit   'node-releases': [ '2.0.2' ],
49 silly audit   'normalize-path': [ '3.0.0' ],
49 silly audit   nyc: [ '15.1.0' ],
49 silly audit   'wrap-ansi': [ '6.2.0', '7.0.0' ],
49 silly audit   y18n: [ '4.0.3', '5.0.8' ],
49 silly audit   yargs: [ '15.4.1', '16.2.0' ],
49 silly audit   'yargs-parser': [ '18.1.3', '20.2.4' ],
49 silly audit   'oauth-sign': [ '0.9.0' ],
49 silly audit   'object-is': [ '1.0.1' ],
49 silly audit   'object-keys': [ '1.1.1' ],
49 silly audit   'on-finished': [ '2.3.0' ],
49 silly audit   once: [ '1.4.0' ],
49 silly audit   'p-map': [ '3.0.0' ],
49 silly audit   'p-try': [ '2.2.0' ],
49 silly audit   'package-hash': [ '4.0.0' ],
49 silly audit   parseurl: [ '1.3.3' ],
49 silly audit   'path-exists': [ '4.0.0' ],
49 silly audit   'path-is-absolute': [ '1.0.1' ],
49 silly audit   'path-key': [ '3.1.1' ],
49 silly audit   'path-to-regexp': [ '0.1.7' ],
49 silly audit   pathval: [ '1.1.1' ],
49 silly audit   'performance-now': [ '2.1.0' ],
49 silly audit   picocolors: [ '1.0.0' ],
49 silly audit   picomatch: [ '2.3.1' ],
49 silly audit   'pkg-dir': [ '4.2.0' ],
49 silly audit   'process-nextick-args': [ '2.0.1' ],
49 silly audit   'process-on-spawn': [ '1.0.0' ],
49 silly audit   propagate: [ '1.0.0' ],
49 silly audit   'proxy-addr': [ '2.0.5' ],
49 silly audit   psl: [ '1.8.0' ],
49 silly audit   punycode: [ '2.1.1' ],
49 silly audit   randombytes: [ '2.1.0' ],
49 silly audit   'range-parser': [ '1.2.1' ],
49 silly audit   'raw-body': [ '2.4.0' ],
49 silly audit   'readable-stream': [ '2.3.6' ],
49 silly audit   readdirp: [ '3.6.0' ],
49 silly audit   'regexp.prototype.flags': [ '1.2.0' ],
49 silly audit   'release-zalgo': [ '1.0.0' ],
49 silly audit   request: [ '2.88.2' ],
49 silly audit   'require-directory': [ '2.1.1' ],
49 silly audit   'require-main-filename': [ '2.0.0' ],
49 silly audit   'resolve-from': [ '5.0.0' ],
49 silly audit   rimraf: [ '3.0.2' ],
49 silly audit   'safe-buffer': [ '5.1.2' ],
49 silly audit   'safer-buffer': [ '2.1.2' ],
49 silly audit   send: [ '0.17.1' ],
49 silly audit   'serialize-javascript': [ '6.0.0' ],
49 silly audit   'serve-static': [ '1.14.1' ],
49 silly audit   'set-blocking': [ '2.0.0' ],
49 silly audit   setprototypeof: [ '1.1.1' ],
49 silly audit   'shebang-command': [ '2.0.0' ],
49 silly audit   'shebang-regex': [ '3.0.0' ],
49 silly audit   'signal-exit': [ '3.0.7' ],
49 silly audit   'spawn-wrap': [ '2.0.0' ],
49 silly audit   'sprintf-js': [ '1.0.3' ],
49 silly audit   sshpk: [ '1.16.1' ],
49 silly audit   statuses: [ '1.5.0' ],
49 silly audit   string_decoder: [ '1.1.1' ],
49 silly audit   'string-width': [ '4.2.3' ],
49 silly audit   'strip-ansi': [ '6.0.1' ],
49 silly audit   'strip-bom': [ '4.0.0' ],
49 silly audit   'strip-json-comments': [ '3.1.1' ],
49 silly audit   superagent: [ '3.8.3' ],
49 silly audit   supertest: [ '4.0.2' ],
49 silly audit   'test-exclude': [ '6.0.0' ],
49 silly audit   'to-fast-properties': [ '2.0.0' ],
49 silly audit   'to-regex-range': [ '5.0.1' ],
49 silly audit   toidentifier: [ '1.0.0' ],
49 silly audit   'tough-cookie': [ '2.5.0' ],
49 silly audit   'tunnel-agent': [ '0.6.0' ],
49 silly audit   tweetnacl: [ '0.14.5' ],
49 silly audit   'type-detect': [ '4.0.8' ],
49 silly audit   'type-fest': [ '0.8.1' ],
49 silly audit   'type-is': [ '1.6.18' ],
49 silly audit   'typedarray-to-buffer': [ '3.1.5' ],
49 silly audit   'uglify-js': [ '3.9.2' ],
49 silly audit   unpipe: [ '1.0.0' ],
49 silly audit   'uri-js': [ '4.2.2' ],
49 silly audit   'util-deprecate': [ '1.0.2' ],
49 silly audit   'utils-merge': [ '1.0.1' ],
49 silly audit   uuid: [ '3.3.3' ],
49 silly audit   vary: [ '1.1.2' ],
49 silly audit   verror: [ '1.10.0' ],
49 silly audit   which: [ '2.0.2' ],
49 silly audit   'which-module': [ '2.0.0' ],
49 silly audit   wordwrap: [ '1.0.0' ],
49 silly audit   workerpool: [ '6.2.0' ],
49 silly audit   wrappy: [ '1.0.2' ],
49 silly audit   'write-file-atomic': [ '3.0.3' ],
49 silly audit   'yargs-unparser': [ '2.0.0' ],
49 silly audit   'yocto-queue': [ '0.1.0' ]
49 silly audit }
50 verbose reify failed optional dependency /home/user408/events-app/external/node_modules/fsevents
51 silly reify mark deleted [ '/home/user408/events-app/external/node_modules/fsevents' ]
52 timing reifyNode:node_modules/fsevents Completed in 31ms
53 timing reify:unpack Completed in 31ms
54 timing reify:unretire Completed in 0ms
55 timing build:queue Completed in 5ms
56 timing build:deps Completed in 5ms
57 timing build Completed in 6ms
58 timing reify:build Completed in 6ms
59 timing reify:trash Completed in 3ms
60 timing reify:save Completed in 88ms
61 http fetch POST 200 https://registry.npmjs.org/-/npm/v1/security/advisories/bulk 376ms
62 timing auditReport:getReport Completed in 383ms
63 silly audit report {}
64 timing auditReport:init Completed in 0ms
65 timing reify:audit Completed in 384ms
66 timing reify Completed in 1034ms
67 silly ADD
68 timing command:install Completed in 1047ms
69 verbose exit 0
70 timing npm Completed in 1261ms
71 info ok
