0 verbose cli /usr/local/nvm/versions/node/v16.1.0/bin/node /usr/local/nvm/versions/node/v16.1.0/bin/npm
1 info using npm@8.15.0
2 info using node@v16.1.0
3 timing npm:load:whichnode Completed in 0ms
4 timing config:load:defaults Completed in 2ms
5 timing config:load:file:/usr/local/nvm/versions/node/v16.1.0/lib/node_modules/npm/npmrc Completed in 1ms
6 timing config:load:builtin Completed in 1ms
7 timing config:load:cli Completed in 1ms
8 timing config:load:env Completed in 1ms
9 timing config:load:file:/home/user408/events-app/.npmrc Completed in 1ms
10 timing config:load:project Completed in 2ms
11 timing config:load:file:/home/user408/.npmrc Completed in 0ms
12 timing config:load:user Completed in 0ms
13 timing config:load:file:/usr/local/nvm/versions/node/v16.1.0/etc/npmrc Completed in 0ms
14 timing config:load:global Completed in 0ms
15 timing config:load:validate Completed in 1ms
16 timing config:load:credentials Completed in 0ms
17 timing config:load:setEnvs Completed in 1ms
18 timing config:load Completed in 9ms
19 timing npm:load:configload Completed in 9ms
20 timing npm:load:mkdirpcache Completed in 2ms
21 timing npm:load:mkdirplogs Completed in 1ms
22 verbose title npm start
23 verbose argv "start"
24 timing npm:load:setTitle Completed in 2ms
25 timing config:load:flatten Completed in 3ms
26 timing npm:load:display Completed in 5ms
27 verbose logfile logs-max:10 dir:/home/user408/.npm/_logs
28 verbose logfile /home/user408/.npm/_logs/2022-08-04T14_04_28_479Z-debug-0.log
29 timing npm:load:logFile Completed in 5ms
30 timing npm:load:timers Completed in 0ms
31 timing npm:load:configScope Completed in 0ms
32 timing npm:load Completed in 25ms
33 silly logfile done cleaning log files
34 timing command:run-script Completed in 3ms
35 timing command:start Completed in 12ms
36 verbose stack Error: ENOENT: no such file or directory, open '/home/user408/events-app/package.json'
37 verbose cwd /home/user408/events-app
38 verbose Linux 5.10.127+
39 verbose node v16.1.0
40 verbose npm  v8.15.0
41 error code ENOENT
42 error syscall open
43 error path /home/user408/events-app/package.json
44 error errno -2
45 error enoent ENOENT: no such file or directory, open '/home/user408/events-app/package.json'
46 error enoent This is related to npm not being able to find a file.
46 error enoent
47 verbose exit -2
48 timing npm Completed in 53ms
49 verbose code -2
50 error A complete log of this run can be found in:
50 error     /home/user408/.npm/_logs/2022-08-04T14_04_28_479Z-debug-0.log
