0 verbose cli /usr/local/nvm/versions/node/v16.1.0/bin/node /usr/local/nvm/versions/node/v16.1.0/bin/npm
1 info using npm@8.15.0
2 info using node@v16.1.0
3 timing npm:load:whichnode Completed in 0ms
4 timing config:load:defaults Completed in 1ms
5 timing config:load:file:/usr/local/nvm/versions/node/v16.1.0/lib/node_modules/npm/npmrc Completed in 1ms
6 timing config:load:builtin Completed in 1ms
7 timing config:load:cli Completed in 2ms
8 timing config:load:env Completed in 0ms
9 timing config:load:project Completed in 2ms
10 timing config:load:file:/home/user408/.npmrc Completed in 0ms
11 timing config:load:user Completed in 0ms
12 timing config:load:file:/usr/local/nvm/versions/node/v16.1.0/etc/npmrc Completed in 0ms
13 timing config:load:global Completed in 0ms
14 timing config:load:validate Completed in 1ms
15 timing config:load:credentials Completed in 0ms
16 timing config:load:setEnvs Completed in 1ms
17 timing config:load Completed in 8ms
18 timing npm:load:configload Completed in 8ms
19 timing npm:load:mkdirpcache Completed in 2ms
20 timing npm:load:mkdirplogs Completed in 1ms
21 verbose title npm start
22 verbose argv "start"
23 timing npm:load:setTitle Completed in 2ms
24 timing config:load:flatten Completed in 3ms
25 timing npm:load:display Completed in 4ms
26 verbose logfile logs-max:10 dir:/home/user408/.npm/_logs
27 verbose logfile /home/user408/.npm/_logs/2022-08-04T14_07_13_222Z-debug-0.log
28 timing npm:load:logFile Completed in 4ms
29 timing npm:load:timers Completed in 1ms
30 timing npm:load:configScope Completed in 0ms
31 timing npm:load Completed in 24ms
32 silly logfile done cleaning log files
33 timing command:run-script Completed in 6ms
34 timing command:start Completed in 9ms
35 verbose stack Error: ENOENT: no such file or directory, open '/home/user408/package.json'
36 verbose cwd /home/user408
37 verbose Linux 5.10.127+
38 verbose node v16.1.0
39 verbose npm  v8.15.0
40 error code ENOENT
41 error syscall open
42 error path /home/user408/package.json
43 error errno -2
44 error enoent ENOENT: no such file or directory, open '/home/user408/package.json'
45 error enoent This is related to npm not being able to find a file.
45 error enoent
46 verbose exit -2
47 timing npm Completed in 49ms
48 verbose code -2
49 error A complete log of this run can be found in:
49 error     /home/user408/.npm/_logs/2022-08-04T14_07_13_222Z-debug-0.log
